<?xml version="1.0" encoding="UTF-8"?>
<testsuite name="FirstTest" tests="1" skipped="0" failures="0" errors="0" timestamp="2021-05-15T08:08:33" hostname="MacBookRDLVDQ.local" time="9.425">
  <properties/>
  <testcase name="testAssertElementHasText" classname="FirstTest" time="9.425"/>
  <system-out><![CDATA[]]></system-out>
  <system-err><![CDATA[May 15, 2021 3:08:40 PM org.openqa.selenium.remote.ProtocolHandshake createSession
INFO: Detected dialect: OSS
]]></system-err>
</testsuite>
