<?xml version="1.0" encoding="UTF-8"?>
<testsuite name="FirstTest" tests="1" skipped="0" failures="0" errors="0" timestamp="2021-05-15T14:24:24" hostname="MacBookRDLVDQ.local" time="15.963">
  <properties/>
  <testcase name="testSearchResultsText" classname="FirstTest" time="15.963"/>
  <system-out><![CDATA[]]></system-out>
  <system-err><![CDATA[May 15, 2021 9:24:30 PM org.openqa.selenium.remote.ProtocolHandshake createSession
INFO: Detected dialect: OSS
]]></system-err>
</testsuite>
